<?xml version="1.0" encoding="UTF-8"?>
<testsuite xmlns:xsi="http://www.w3.org/2001/XMLSchema-instance" xsi:noNamespaceSchemaLocation="https://maven.apache.org/surefire/maven-surefire-plugin/xsd/surefire-test-report.xsd" version="3.0.2" name="com.example.chatbot.chatbotApplicationTests" time="8.32" tests="1" errors="0" skipped="0" failures="0">
  <properties>
[...]
</properties>
  <testcase name="contextLoads" classname="com.example.chatbot.chatbotApplicationTests" time="1.737">
    <system-out><![CDATA[Standard Commons Logging discovery in action with spring-jcl: please remove commons-logging.jar from classpath in order to avoid potential conflicts
19:34:35.248 [main] INFO org.springframework.test.context.support.AnnotationConfigContextLoaderUtils -- Could not detect default configuration classes for test class [com.example.chatbot.chatbotApplicationTests]: chatbotApplicationTests does not declare any static, non-private, non-final, nested classes annotated with @Configuration.
19:34:35.420 [main] INFO org.springframework.boot.test.context.SpringBootTestContextBootstrapper -- Found @SpringBootConfiguration com.example.chatbot.ChatbotApplication for test class com.example.chatbot.chatbotApplicationTests
19:34:35.605 [main] INFO org.springframework.boot.devtools.restart.RestartApplicationListener -- Restart disabled due to context in which it is running

  .   ____          _            __ _ _
 /\\ / ___'_ __ _ _(_)_ __  __ _ \ \ \ \
( ( )\___ | '_ | '_| | '_ \/ _` | \ \ \ \
 \\/  ___)| |_)| | | | | || (_| |  ) ) ) )
  '  |____| .__|_| |_|_| |_\__, | / / / /
 =========|_|==============|___/=/_/_/_/

 :: Spring Boot ::                (v3.4.3)

2025-07-13T19:34:36.003+05:30  INFO 31372 --- [chatbot] [           main] c.e.chatbot.chatbotApplicationTests      : Starting chatbotApplicationTests using Java 17.0.13 with PID 31372 (started by YZW7NYZ in c:\Users\YZW7NYZ\Downloads\chatbot)
2025-07-13T19:34:36.009+05:30  INFO 31372 --- [chatbot] [           main] c.e.chatbot.chatbotApplicationTests      : No active profile set, falling back to 1 default profile: "default"
2025-07-13T19:34:37.001+05:30  INFO 31372 --- [chatbot] [           main] .s.d.r.c.RepositoryConfigurationDelegate : Bootstrapping Spring Data JPA repositories in DEFAULT mode.
2025-07-13T19:34:37.086+05:30  INFO 31372 --- [chatbot] [           main] .s.d.r.c.RepositoryConfigurationDelegate : Finished Spring Data repository scanning in 72 ms. Found 3 JPA repository interfaces.
2025-07-13T19:34:37.648+05:30  INFO 31372 --- [chatbot] [           main] o.hibernate.jpa.internal.util.LogHelper  : HHH000204: Processing PersistenceUnitInfo [name: default]
2025-07-13T19:34:37.714+05:30  INFO 31372 --- [chatbot] [           main] org.hibernate.Version                    : HHH000412: Hibernate ORM core version 6.6.8.Final
2025-07-13T19:34:37.756+05:30  INFO 31372 --- [chatbot] [           main] o.h.c.internal.RegionFactoryInitiator    : HHH000026: Second-level cache disabled
2025-07-13T19:34:38.242+05:30  INFO 31372 --- [chatbot] [           main] o.s.o.j.p.SpringPersistenceUnitInfo      : No LoadTimeWeaver setup: ignoring JPA class transformer
2025-07-13T19:34:38.281+05:30  INFO 31372 --- [chatbot] [           main] com.zaxxer.hikari.HikariDataSource       : HikariPool-1 - Starting...
2025-07-13T19:34:38.614+05:30  INFO 31372 --- [chatbot] [           main] com.zaxxer.hikari.pool.HikariPool        : HikariPool-1 - Added connection com.mysql.cj.jdbc.ConnectionImpl@d979c325
2025-07-13T19:34:38.617+05:30  INFO 31372 --- [chatbot] [           main] com.zaxxer.hikari.HikariDataSource       : HikariPool-1 - Start completed.
2025-07-13T19:34:38.681+05:30  WARN 31372 --- [chatbot] [           main] org.hibernate.orm.deprecation            : HHH90000025: MySQLDialect does not need to be specified explicitly using 'hibernate.dialect' (remove the property setting and it will be selected by default)
2025-07-13T19:34:38.708+05:30  INFO 31372 --- [chatbot] [           main] org.hibernate.orm.connections.pooling    : HHH10001005: Database info:
	Database JDBC URL [Connecting through datasource 'HikariDataSource (HikariPool-1)']
	Database driver: undefined/unknown
	Database version: 8.0.42
	Autocommit mode: undefined/unknown
	Isolation level: undefined/unknown
	Minimum pool size: undefined/unknown
	Maximum pool size: undefined/unknown
2025-07-13T19:34:39.800+05:30  INFO 31372 --- [chatbot] [           main] o.h.e.t.j.p.i.JtaPlatformInitiator       : HHH000489: No JTA platform available (set 'hibernate.transaction.jta.platform' to enable JTA platform integration)
2025-07-13T19:34:39.857+05:30  INFO 31372 --- [chatbot] [           main] j.LocalContainerEntityManagerFactoryBean : Initialized JPA EntityManagerFactory for persistence unit 'default'
2025-07-13T19:34:40.201+05:30  INFO 31372 --- [chatbot] [           main] o.s.d.j.r.query.QueryEnhancerFactory     : Hibernate is in classpath; If applicable, HQL parser will be used.
2025-07-13T19:34:41.074+05:30  WARN 31372 --- [chatbot] [           main] JpaBaseConfiguration$JpaWebConfiguration : spring.jpa.open-in-view is enabled by default. Therefore, database queries may be performed during view rendering. Explicitly configure spring.jpa.open-in-view to disable this warning
2025-07-13T19:34:41.577+05:30  INFO 31372 --- [chatbot] [           main] c.e.chatbot.chatbotApplicationTests      : Started chatbotApplicationTests in 5.987 seconds (process running for 7.62)
]]></system-out>
  </testcase>
</testsuite>